<?xml version="1.0" encoding="UTF-8"?>
<!-- Generated by org.testng.reporters.JUnitReportReporter -->
<testsuite hostname="Nitya-PC" failures="0" tests="4" name="com.test.automation.TestCases.LoginPage_TC" time="59.034" errors="0" timestamp="01 Nov 2019 18:41:56 GMT" skipped="0">
  <testcase classname="com.test.automation.TestCases.LoginPage_TC" name="test_login_to_app" time="16.612"/>
  <testcase classname="com.test.automation.TestCases.LoginPage_TC" name="test_login_to_app" time="9.334"/>
  <testcase classname="com.test.automation.TestCases.LoginPage_TC" name="test_login_to_app" time="13.180"/>
  <testcase classname="com.test.automation.TestCases.LoginPage_TC" name="test_login_to_app" time="19.908"/>
</testsuite> <!-- com.test.automation.TestCases.LoginPage_TC -->
