<?xml version="1.0" encoding="UTF-8"?>
<!-- Generated by org.testng.reporters.JUnitReportReporter -->
<testsuite hostname="Nitya-PC" failures="0" tests="2" name="com.test.automation.TestCases.LoginPage_TC" time="26.218" errors="0" timestamp="02 Nov 2019 17:02:14 GMT" skipped="0">
  <testcase classname="com.test.automation.TestCases.LoginPage_TC" name="test_login_to_app" time="16.680"/>
  <testcase classname="com.test.automation.TestCases.LoginPage_TC" name="test_login_to_app" time="9.538"/>
</testsuite> <!-- com.test.automation.TestCases.LoginPage_TC -->
