<?xml version="1.0" encoding="UTF-8"?>
<!-- Generated by org.testng.reporters.JUnitReportReporter -->
<testsuite hostname="Nitya-PC" failures="0" tests="2" name="com.test.automation.TestCases.LoginPage_TC" time="29.716" errors="0" timestamp="02 Nov 2019 17:57:23 GMT" skipped="0">
  <testcase classname="com.test.automation.TestCases.LoginPage_TC" name="test_login_to_app" time="19.224"/>
  <testcase classname="com.test.automation.TestCases.LoginPage_TC" name="test_login_to_app" time="10.492"/>
</testsuite> <!-- com.test.automation.TestCases.LoginPage_TC -->
